<?xml version="1.0" encoding="UTF-8"?>
<!-- Generated by org.testng.reporters.JUnitXMLReporter -->
<testsuite ignored="0" hostname="Vishals-MacBook-Pro.local" failures="0" tests="8" name="Authentication API" time="12.197" errors="0" timestamp="2026-04-05T00:17:51 IST">
  <testcase classname="com.demowebshop.api.tests.AuthApiTest" name="loginPageShouldReturn200" time="5.19"/>
  <testcase classname="com.demowebshop.api.tests.AuthApiTest" name="loginWithEmptyCredentialsShouldShowValidation" time="0.762"/>
  <testcase classname="com.demowebshop.api.tests.AuthApiTest" name="loginWithInvalidCredentialsShouldFail" time="0.831"/>
  <testcase classname="com.demowebshop.api.tests.AuthApiTest" name="loginWithValidCredentialsShouldSucceed" time="0.63"/>
  <testcase classname="com.demowebshop.api.tests.AuthApiTest" name="loginWithWrongPasswordShouldFail" time="0.619"/>
  <testcase classname="com.demowebshop.api.tests.AuthApiTest" name="passwordRecoveryPageShouldReturn200" time="1.599"/>
  <testcase classname="com.demowebshop.api.tests.AuthApiTest" name="registerPageShouldReturn200" time="1.676"/>
  <testcase classname="com.demowebshop.api.tests.AuthApiTest" name="registerWithMismatchedPasswordsShouldFail" time="0.804"/>
</testsuite> <!-- Authentication API -->
