<?xml version="1.0" encoding="UTF-8"?>
<!-- Generated by org.testng.reporters.JUnitXMLReporter -->
<testsuite ignored="0" hostname="Vishals-MacBook-Pro.local" failures="0" tests="8" name="Cart API" time="7.861" errors="0" timestamp="2026-04-04T23:43:32 IST">
  <testcase classname="com.demowebshop.api.tests.CartApiTest" name="addBookToCartShouldNotReturn5xx" time="0.652"/>
  <testcase classname="com.demowebshop.api.tests.CartApiTest" name="addInvalidProductToCartShouldReturn404Or302" time="0.569"/>
  <testcase classname="com.demowebshop.api.tests.CartApiTest" name="addSimpleProductToCartShouldSucceed" time="0.925"/>
  <testcase classname="com.demowebshop.api.tests.CartApiTest" name="addToWishlistShouldNotReturn5xx" time="0.588"/>
  <testcase classname="com.demowebshop.api.tests.CartApiTest" name="cartPageForGuestShouldShowEmptyCart" time="1.527"/>
  <testcase classname="com.demowebshop.api.tests.CartApiTest" name="cartPageShouldReturn200ForGuest" time="1.641"/>
  <testcase classname="com.demowebshop.api.tests.CartApiTest" name="checkoutPageShouldRequireLogin" time="0.542"/>
  <testcase classname="com.demowebshop.api.tests.CartApiTest" name="wishlistPageShouldReturn200" time="1.405"/>
</testsuite> <!-- Cart API -->
