<?xml version="1.0" encoding="UTF-8"?>
<!-- Generated by org.testng.reporters.JUnitXMLReporter -->
<testsuite ignored="0" hostname="Vishals-MacBook-Pro.local" failures="0" tests="14" name="Product Catalog API" time="23.195" errors="0" timestamp="2026-04-04T23:43:24 IST">
  <testcase classname="com.demowebshop.api.tests.ProductApiTest" name="booksCatalogResponseTimeShouldBeAcceptable" time="1.507"/>
  <testcase classname="com.demowebshop.api.tests.ProductApiTest" name="categoryPageShouldReturn200" time="1.432"/>
  <testcase classname="com.demowebshop.api.tests.ProductApiTest" name="categoryPageShouldReturn200" time="1.524"/>
  <testcase classname="com.demowebshop.api.tests.ProductApiTest" name="categoryPageShouldReturn200" time="1.54"/>
  <testcase classname="com.demowebshop.api.tests.ProductApiTest" name="categoryPageShouldReturn200" time="1.528"/>
  <testcase classname="com.demowebshop.api.tests.ProductApiTest" name="categoryPageShouldReturn200" time="1.509"/>
  <testcase classname="com.demowebshop.api.tests.ProductApiTest" name="homePageResponseTimeShouldBeAcceptable" time="1.358"/>
  <testcase classname="com.demowebshop.api.tests.ProductApiTest" name="homePageShouldContainProducts" time="1.635"/>
  <testcase classname="com.demowebshop.api.tests.ProductApiTest" name="homePageShouldReturn200" time="1.876"/>
  <testcase classname="com.demowebshop.api.tests.ProductApiTest" name="productDetailComputerShouldReturn200" time="1.828"/>
  <testcase classname="com.demowebshop.api.tests.ProductApiTest" name="productDetailFictionShouldReturn200" time="2.239"/>
  <testcase classname="com.demowebshop.api.tests.ProductApiTest" name="searchForBookShouldReturnResults" time="1.633"/>
  <testcase classname="com.demowebshop.api.tests.ProductApiTest" name="searchForNonExistentProductShouldShowNoResults" time="1.805"/>
  <testcase classname="com.demowebshop.api.tests.ProductApiTest" name="searchWithEmptyQueryShouldShowSearchPage" time="1.756"/>
</testsuite> <!-- Product Catalog API -->
