<?xml version="1.0" encoding="UTF-8"?>
<testsuite xmlns:xsi="http://www.w3.org/2001/XMLSchema-instance" xsi:noNamespaceSchemaLocation="https://maven.apache.org/surefire/maven-surefire-plugin/xsd/surefire-test-report-3.0.xsd" version="3.0" name="TestSuite" time="42.836" tests="30" errors="0" skipped="0" failures="0">
  <properties>
[...]
</properties>
  <testcase name="loginPageShouldReturn200" classname="com.demowebshop.api.tests.AuthApiTest" time="3.935">
    <system-out><![CDATA[Request method:	GET
Request URI:	http://demowebshop.tricentis.com/login
Proxy:			<none>
Request params:	<none>
Query params:	<none>
Form params:	<none>
Path params:	<none>
Headers:		Accept=text/html,application/xhtml+xml,application/xml;q=0.9,*/*;q=0.8
				User-Agent=Mozilla/5.0 RestAssured/ApiTests
				Content-Type=application/x-www-form-urlencoded; charset=ISO-8859-1
Cookies:		<none>
Multiparts:		<none>
Body:			<none>
HTTP/1.1 200 OK
Content-Length: 5732
Content-Type: text/html; charset=utf-8
Date: Sat, 04 Apr 2026 18:12:54 GMT
Server: Microsoft-IIS/10.0
Cache-Control: private
Content-Encoding: gzip
Set-Cookie: Nop.customer=6f9e0696-5de9-4bd1-9860-61d26ff219f2; expires=Sun, 04-Apr-2027 18:12:54 GMT; path=/; HttpOnly
Set-Cookie: ARRAffinity=48768a3b039304e9b1fa7ae91a032ba86cf010beddc152b2be007691832f4002;Path=/;HttpOnly;Secure;Domain=demowebshop.tricentis.com
Set-Cookie: ARRAffinitySameSite=48768a3b039304e9b1fa7ae91a032ba86cf010beddc152b2be007691832f4002;Path=/;HttpOnly;SameSite=None;Secure;Domain=demowebshop.tricentis.com
Vary: Accept-Encoding
X-AspNetMvc-Version: 5.2
X-AspNet-Version: 4.0.30319
X-Powered-By: ASP.NET

<html>
  <head>
    <title>Demo Web Shop. Login</title>
    <meta http-equiv="Content-type" content="text/html;charset=UTF-8"/>
    <meta name="description" content=""/>
    <meta name="keywords" content=""/>
    <meta name="generator" content="nopCommerce"/>
    <meta name="viewport" content="width=device-width, initial-scale=1"/>
    <link href="/Themes/DefaultClean/Content/styles.css" rel="stylesheet" type="text/css"/>
    <link href="/Themes/DefaultClean/Content/responsive.css" rel="stylesheet" type="text/css"/>
    <link href="/Content/jquery-ui-themes/smoothness/jquery-ui-1.10.3.custom.min.css" rel="stylesheet" type="text/css"/>
    <script src="/Scripts/jquery-1.10.2.min.js" type="text/javascript"/>
    <script src="/Scripts/jquery.validate.min.js" type="text/javascript"/>
    <script src="/Scripts/jquery.validate.unobtrusive.min.js" type="text/javascript"/>
    <script src="/Scripts/jquery-ui-1.10.3.custom.min.js" type="text/javascript"/>
    <script src="/Scripts/jquery-migrate-1.2.1.min.js" type="text/javascript"/>
    <script src="/Scripts/public.common.js" type="text/javascript"/>
    <script src="/Scripts/public.ajaxcart.js" type="text/javascript"/>
    <link rel="shortcut icon" href="https://demowebshop.tricentis.com/favicon.ico"/>
  </head>
  <body>
    <div id="dialog-notifications-success" title="Notification" style="display:none;"/>
    <div id="dialog-notifications-error" title="Error" style="display:none;"/>
    <div class="bar-notification" id="bar-notification">
      <span class="close" title="Close"> </span>
    </div>
    <div class="master-wrapper-page">
      <div class="master-wrapper-content">
        <script type="text/javascript">
            AjaxCart.init(false, '.header-links .cart-qty', '.header-links .wishlist-qty', '#flyout-cart');
        </script>
        <div class="header">
          <div class="header-logo">
            <a shape="rect" href="/">
              <img title="" alt="Tricentis Demo Web Shop" src="/Themes/DefaultClean/Content/images/logo.png"/>
            </a>
          </div>
          <div class="header-links-wrapper">
            <div class="header-links">
              <ul>
                <li>
                  <a shape="rect" class="ico-register" href="/register">Register</a>
                </li>
                <li>
                  <a shape="rect" class="ico-login" href="/login">Log in</a>
                </li>
                <li id="topcartlink">
                  <a shape="rect" class="ico-cart" href="/cart">
                    <span class="cart-label">Shopping cart</span>
                    <span class="cart-qty">(0)</span>
                  </a>
                </li>
                <li>
                  <a shape="rect" class="ico-wishlist" href="/wishlist">
                    <span class="cart-label">Wishlist</span>
                    <span class="wishlist-qty">(0)</span>
                  </a>
                </li>
              </ul>
              <script type="text/javascript">
            $(document).ready(function () {
                $('.header').on('mouseenter', '#topcartlink', function () {
                    $('#flyout-cart').addClass('active');
                });
                $('.header').on('mouseleave', '#topcartlink', function () {
                    $('#flyout-cart').removeClass('active');
                });
                $('.header').on('mouseenter', '#flyout-cart', function () {
                    $('#flyout-cart').addClass('active');
                });
                $('.header').on('mouseleave', '#flyout-cart', function () {
                    $('#flyout-cart').removeClass('active');
                });
            });
        </script>
            </div>
            <div class="flyout-cart" id="flyout-cart">
              <div class="mini-shopping-cart">
                <div class="count">
You have no items in your shopping cart.        </div>
              </div>
            </div>
          </div>
          <div class="search-box">
            <form enctype="application/x-www-form-urlencoded" method="get" action="/search" onsubmit="return check_small_search_form()">
              <input type="text" class="search-box-text" id="small-searchterms" autocomplete="off" value="Search store" name="q"/>
              <input type="submit" class="button-1 search-box-button" value="Search"/>
              <script type="text/javascript">
        $(document).ready(function() {
            $("#small-searchterms").focus(function() {
                if (this.value == 'Search store') {
                    this.value = '';
                }
            });

            $("#small-searchterms").blur(function() {
                if (this.value == '') {
                    this.value = 'Search store';
                }
            });
        });

        function check_small_search_form() {
            var search_terms = $("#small-searchterms");
            if (search_terms.val() == "" || search_terms.val() == "Search store") {
                alert('Please enter some search keyword');
                search_terms.focus();
                return false;
            }
            return true;
        }
    </script>
              <script type="text/javascript">
                $(function() {
                    $('#small-searchterms').autocomplete({
                            delay: 500,
                            minLength: 3,
                            source: '/catalog/searchtermautocomplete',
                            select: function(event, ui) {
                                $("#small-searchterms").val(ui.item.label);
                                setLocation(ui.item.producturl);
                                return false;
                            }
                        })
                        .data("ui-autocomplete")._renderItem = function(ul, item) {
                            var t = item.label;
                            //html encode
                            t = htmlEncode(t);
                            return $("&lt;li&gt;&lt;/li&gt;")
                                .data("item.autocomplete", item)
                                .append("&lt;a&gt;" + t + "&lt;/a&gt;")
                            .appendTo(ul);
                    };
                });
            </script>
            </form>
          </div>
          <div class="header-selectors-wrapper">
            <div class="tax-display-type-selector"/>
            <div class="currency-selector"/>
            <div class="language-selector"/>
          </div>
        </div>
        <div class="header-menu">
          <ul class="top-menu">
            <li>
              <a shape="rect" href="/books">Books
        </a>
              <div class="top-menu-triangle"/>
            </li>
            <li>
              <a shape="rect" href="/computers">Computers
        </a>
              <div class="top-menu-triangle"/>
              <ul class="sublist firstLevel">
                <li>
                  <a shape="rect" href="/desktops">Desktops
        </a>
                </li>
                <li>
                  <a shape="rect" href="/notebooks">Notebooks
        </a>
                </li>
                <li>
                  <a shape="rect" href="/accessories">Accessories
        </a>
                </li>
              </ul>
            </li>
            <li>
              <a shape="rect" href="/electronics">Electronics
        </a>
              <div class="top-menu-triangle"/>
              <ul class="sublist firstLevel">
                <li>
                  <a shape="rect" href="/camera-photo">Camera, photo
        </a>
                </li>
                <li>
                  <a shape="rect" href="/cell-phones">Cell phones
        </a>
                </li>
              </ul>
            </li>
            <li>
              <a shape="rect" href="/apparel-shoes">Apparel &amp; Shoes
        </a>
              <div class="top-menu-triangle"/>
            </li>
            <li>
              <a shape="rect" href="/digital-downloads">Digital downloads
        </a>
              <div class="top-menu-triangle"/>
            </li>
            <li>
              <a shape="rect" href="/jewelry">Jewelry
        </a>
              <div class="top-menu-triangle"/>
            </li>
            <li>
              <a shape="rect" href="/gift-cards">Gift Cards
        </a>
              <div class="top-menu-triangle"/>
            </li>
          </ul>
          <script type="text/javascript">
    $('li', '.top-menu').on('mouseenter', function () {
        $('a', $(this)).first().addClass('hover');
        if (!$(this).parent().hasClass('top-menu')) {
            var width = $(this).innerWidth();
            $('.sublist', $(this)).first().css('left', width + 15);
        }
        $('.sublist', $(this)).first().addClass('active');
        $('.top-menu-triangle', $(this)).addClass('active');
    });

    $('li', '.top-menu').on('mouseleave', function () {
        $('a', $(this)).first().removeClass('hover');
        $('.sublist', $(this)).first().removeClass('active');
        $('.top-menu-triangle', $(this)).removeClass('active');
    });

</script>
          <div id="mob-menu-button">
            <a shape="rect" href="">
              <span class="icon">
                <span class="line"/>
                <span class="line"/>
                <span class="line"/>
              </span>
              <span>Categories</span>
            </a>
          </div>
          <ul class="mob-top-menu">
            <li>
              <a shape="rect" href="/books">Books
        </a>
              <div class="top-menu-triangle"/>
            </li>
            <li>
              <a shape="rect" href="/computers">Computers
        </a>
              <div class="top-menu-triangle"/>
              <span class="expand"> </span>
              <ul class="sublist firstLevel">
                <li>
                  <a shape="rect" href="/desktops">Desktops
        </a>
                </li>
                <li>
                  <a shape="rect" href="/notebooks">Notebooks
        </a>
                </li>
                <li>
                  <a shape="rect" href="/accessories">Accessories
        </a>
                </li>
              </ul>
            </li>
            <li>
              <a shape="rect" href="/electronics">Electronics
        </a>
              <div class="top-menu-triangle"/>
              <span class="expand"> </span>
              <ul class="sublist firstLevel">
                <li>
                  <a shape="rect" href="/camera-photo">Camera, photo
        </a>
                </li>
                <li>
                  <a shape="rect" href="/cell-phones">Cell phones
        </a>
                </li>
              </ul>
            </li>
            <li>
              <a shape="rect" href="/apparel-shoes">Apparel &amp; Shoes
        </a>
              <div class="top-menu-triangle"/>
            </li>
            <li>
              <a shape="rect" href="/digital-downloads">Digital downloads
        </a>
              <div class="top-menu-triangle"/>
            </li>
            <li>
              <a shape="rect" href="/jewelry">Jewelry
        </a>
              <div class="top-menu-triangle"/>
            </li>
            <li>
              <a shape="rect" href="/gift-cards">Gift Cards
        </a>
              <div class="top-menu-triangle"/>
            </li>
          </ul>
          <script type="text/javascript">
        $('a', $('#mob-menu-button')).toggle(function() {
                $('.mob-top-menu').addClass('show');
            },
            function() {
                $('.mob-top-menu').removeClass('show');
            }
        );

        $(function($) {
            $('.mob-top-menu .expand').click(function() {
                var parent = $(this).parent();
                if (parent.hasClass('active')) {
                    $(".sublist:first", parent).hide(300);
                    parent.removeClass('active');
                } else {
                    $(".sublist:first", parent).show(300);
                    parent.addClass('active');
                }
            });
        });
    </script>
        </div>
        <div class="ajax-loading-block-window" style="display: none">
          <div class="loading-image"/>
        </div>
        <div class="master-wrapper-main">
          <div class="side-2">
            <div class="block block-category-navigation">
              <div class="title">
                <strong>Categories</strong>
              </div>
              <div class="listbox">
                <ul class="list">
                  <li class="inactive">
                    <a shape="rect" href="/books">Books
        </a>
                  </li>
                  <li class="inactive">
                    <a shape="rect" href="/computers">Computers
        </a>
                  </li>
                  <li class="inactive">
                    <a shape="rect" href="/electronics">Electronics
        </a>
                  </li>
                  <li class="inactive">
                    <a shape="rect" href="/apparel-shoes">Apparel &amp; Shoes
        </a>
                  </li>
                  <li class="inactive">
                    <a shape="rect" href="/digital-downloads">Digital downloads
        </a>
                  </li>
                  <li class="inactive">
                    <a shape="rect" href="/jewelry">Jewelry
        </a>
                  </li>
                  <li class="inactive">
                    <a shape="rect" href="/gift-cards">Gift Cards
        </a>
                  </li>
                </ul>
              </div>
            </div>
            <div class="block block-manufacturer-navigation">
              <div class="title">
                <strong>Manufacturers</strong>
              </div>
              <div class="listbox">
                <ul class="list">
                  <li class="inactive">
                    <a shape="rect" href="/tricentis">Tricentis</a>
                  </li>
                </ul>
              </div>
            </div>
            <div class="block block-newsletter">
              <div class="title">
                <strong>Newsletter</strong>
              </div>
              <div class="listbox">
                <div class="newsletter-subscribe-block" id="newsletter-subscribe-block">
                  <span>Sign up for our newsletter:</span>
                  <div class="newsletter-email">
                    <input type="text" id="newsletter-email" name="NewsletterEmail" value=""/>
                    <span class="field-validation-valid" data-valmsg-for="NewsletterEmail" data-valmsg-replace="true"/>
                  </div>
                  <div class="buttons">
                    <input type="button" class="button-1 newsletter-subscribe-button" id="newsletter-subscribe-button" value="Subscribe"/>
                    <span class="please-wait" id="subscribe-loading-progress" style="display: none;">Wait...</span>
                  </div>
                </div>
                <div class="newsletter-result-block" id="newsletter-result-block"/>
              </div>
              <script type="text/javascript">
        $(document).ready(function () {
            $('#newsletter-subscribe-button').click(function () {
                
                var email = $("#newsletter-email").val();
                var subscribeProgress = $("#subscribe-loading-progress");
                subscribeProgress.show();
                $.ajax({
                    cache: false,
                    type: "POST",
                    url: "/subscribenewsletter",
                    data: { "email": email },
                    success: function (data) {
                        subscribeProgress.hide();
                        $("#newsletter-result-block").html(data.Result);
                         if (data.Success) {
                            $('#newsletter-subscribe-block').hide();
                            $('#newsletter-result-block').show();
                         }
                         else {
                            $('#newsletter-result-block').fadeIn("slow").delay(2000).fadeOut("slow");
                         }
                    },
                    error:function (xhr, ajaxOptions, thrownError){
                        alert('Failed to subscribe.');
                        subscribeProgress.hide();
                    }  
                });                
                return false;
            });
        });
    </script>
            </div>
          </div>
          <div class="center-2">
            <div class="page login-page">
              <div class="page-title">
                <h1>Welcome, Please Sign In!</h1>
              </div>
              <div class="page-body">
                <div class="customer-blocks">
                  <div class="new-wrapper register-block">
                    <div class="title">
                      <strong>New Customer</strong>
                    </div>
                    <div class="text">
                        By creating an account on our website you will be able to shop faster, be up to date on an orders status, and keep track of the orders you have previously made.
                    </div>
                    <div class="buttons">
                      <input type="button" class="button-1 register-button" onclick="location.href='/register'" value="Register"/>
                    </div>
                  </div>
                  <div class="returning-wrapper">
                    <div class="title">
                      <strong>Returning Customer</strong>
                    </div>
                    <div class="form-fields">
                      <form enctype="application/x-www-form-urlencoded" method="post" action="/login">
                        <div class="message-error"/>
                        <div class="inputs">
                          <label for="Email">Email:</label>
                          <input type="text" class="email" id="Email" autofocus="autofocus" name="Email" value=""/>
                          <span class="field-validation-valid" data-valmsg-for="Email" data-valmsg-replace="true"/>
                        </div>
                        <div class="inputs">
                          <label for="Password">Password:</label>
                          <input type="password" class="password" id="Password" name="Password"/>
                          <span class="field-validation-valid" data-valmsg-for="Password" data-valmsg-replace="true"/>
                        </div>
                        <div class="inputs reversed">
                          <input type="checkbox" id="RememberMe" name="RememberMe" value="true"/>
                          <input type="hidden" name="RememberMe" value="false"/>
                          <label for="RememberMe">Remember me?</label>
                          <span class="forgot-password">
                            <a shape="rect" href="/passwordrecovery">Forgot password?</a>
                          </span>
                        </div>
                        <div class="buttons">
                          <input type="submit" class="button-1 login-button" value="Log in"/>
                        </div>
                      </form>
                    </div>
                  </div>
                </div>
                <div class="external-authentication"/>
                <div class="topic-html-content">
                  <div class="topic-html-content-title">
                    <h2 class="topic-html-content-header">
                    About login / registration</h2>
                  </div>
                  <div class="topic-html-content-body">
                    <p>Put your login / registration information here. You can edit this in the admin site.</p>
                  </div>
                </div>
              </div>
            </div>
          </div>
        </div>
      </div>
      <div class="footer">
        <div class="footer-menu-wrapper">
          <div class="column information">
            <h3>Information</h3>
            <ul>
              <li>
                <a shape="rect" href="/sitemap">Sitemap</a>
              </li>
              <li>
                <a shape="rect" href="/shipping-returns">Shipping &amp; Returns</a>
              </li>
              <li>
                <a shape="rect" href="/privacy-policy">Privacy Notice</a>
              </li>
              <li>
                <a shape="rect" href="/conditions-of-use">Conditions of Use</a>
              </li>
              <li>
                <a shape="rect" href="/about-us">About us</a>
              </li>
              <li>
                <a shape="rect" href="/contactus">Contact us</a>
              </li>
            </ul>
          </div>
          <div class="column customer-service">
            <h3>Customer service</h3>
            <ul>
              <li>
                <a shape="rect" href="/search">Search</a>
              </li>
              <li>
                <a shape="rect" href="/news">News</a>
              </li>
              <li>
                <a shape="rect" href="/blog">Blog</a>
              </li>
              <li>
                <a shape="rect" href="/recentlyviewedproducts">Recently viewed products</a>
              </li>
              <li>
                <a shape="rect" href="/compareproducts">Compare products list</a>
              </li>
              <li>
                <a shape="rect" href="/newproducts">New products</a>
              </li>
            </ul>
          </div>
          <div class="column my-account">
            <h3>My account</h3>
            <ul>
              <li>
                <a shape="rect" class="account" href="/customer/info">My account</a>
              </li>
              <li>
                <a shape="rect" href="/customer/orders">Orders</a>
              </li>
              <li>
                <a shape="rect" class="" href="/customer/addresses">Addresses</a>
              </li>
              <li>
                <a shape="rect" class="ico-cart" href="/cart">Shopping cart</a>
              </li>
              <li>
                <a shape="rect" class="ico-wishlist" href="/wishlist">Wishlist</a>
              </li>
            </ul>
          </div>
          <div class="column follow-us">
            <h3>Follow us</h3>
            <ul>
              <li class="facebook">
                <a shape="rect" href="http://www.facebook.com/nopCommerce" target="_blank">Facebook</a>
              </li>
              <li class="twitter">
                <a shape="rect" href="https://twitter.com/nopCommerce" target="_blank">Twitter</a>
              </li>
              <li class="rss">
                <a shape="rect" href="/news/rss/1">RSS</a>
              </li>
              <li class="youtube">
                <a shape="rect" href="http://www.youtube.com/user/nopCommerce" target="_blank">YouTube</a>
              </li>
              <li class="google-plus">
                <a shape="rect" href="https://plus.google.com/+nopcommerce" target="_blank">Google+</a>
              </li>
            </ul>
          </div>
        </div>
        <div class="footer-poweredby">

        Powered by           <a shape="rect" href="http://www.nopcommerce.com/">nopCommerce</a>
        </div>
        <div class="footer-disclaimer">
        Copyright © 2026 Tricentis Demo Web Shop. All rights reserved.
    </div>
        <div class="footer-store-theme"/>
      </div>
    </div>
    <script type="text/javascript">
var _gaq = _gaq || [];
_gaq.push(['_setAccount', 'UA-6574346-11']);
_gaq.push(['_trackPageview']);

(function() {
    var ga = document.createElement('script'); ga.type = 'text/javascript'; ga.async = true;
    ga.src = ('https:' == document.location.protocol ? 'https://ssl' : 'http://www') + '.google-analytics.com/ga.js';
    var s = document.getElementsByTagName('script')[0]; s.parentNode.insertBefore(ga, s);
})();
</script>
  </body>
</html>
]]></system-out>
    <system-err><![CDATA[SLF4J: Failed to load class "org.slf4j.impl.StaticLoggerBinder".
SLF4J: Defaulting to no-operation (NOP) logger implementation
SLF4J: See http://www.slf4j.org/codes.html#StaticLoggerBinder for further details.
]]></system-err>
  </testcase>
  <testcase name="loginWithEmptyCredentialsShouldShowValidation" classname="com.demowebshop.api.tests.AuthApiTest" time="0.851">
    <system-out><![CDATA[Request method:	POST
Request URI:	http://demowebshop.tricentis.com/login
Proxy:			<none>
Request params:	<none>
Query params:	<none>
Form params:	Email=
				Password=
				RememberMe=false
Path params:	<none>
Headers:		Accept=text/html,application/xhtml+xml,application/xml;q=0.9,*/*;q=0.8
				User-Agent=Mozilla/5.0 RestAssured/ApiTests
				Content-Type=application/x-www-form-urlencoded; charset=ISO-8859-1
Cookies:		<none>
Multiparts:		<none>
Body:			<none>
HTTP/1.1 200 OK
Content-Length: 5823
Content-Type: text/html; charset=utf-8
Date: Sat, 04 Apr 2026 18:12:55 GMT
Server: Microsoft-IIS/10.0
Cache-Control: private
Content-Encoding: gzip
Set-Cookie: Nop.customer=eea88c88-698b-4210-940e-e59c5b393041; expires=Sun, 04-Apr-2027 18:12:56 GMT; path=/; HttpOnly
Set-Cookie: ARRAffinity=48768a3b039304e9b1fa7ae91a032ba86cf010beddc152b2be007691832f4002;Path=/;HttpOnly;Domain=demowebshop.tricentis.com
Vary: Accept-Encoding
X-AspNetMvc-Version: 5.2
X-AspNet-Version: 4.0.30319
X-Powered-By: ASP.NET

<html>
  <head>
    <title>Demo Web Shop. Login</title>
    <meta http-equiv="Content-type" content="text/html;charset=UTF-8"/>
    <meta name="description" content=""/>
    <meta name="keywords" content=""/>
    <meta name="generator" content="nopCommerce"/>
    <meta name="viewport" content="width=device-width, initial-scale=1"/>
    <link href="/Themes/DefaultClean/Content/styles.css" rel="stylesheet" type="text/css"/>
    <link href="/Themes/DefaultClean/Content/responsive.css" rel="stylesheet" type="text/css"/>
    <link href="/Content/jquery-ui-themes/smoothness/jquery-ui-1.10.3.custom.min.css" rel="stylesheet" type="text/css"/>
    <script src="/Scripts/jquery-1.10.2.min.js" type="text/javascript"/>
    <script src="/Scripts/jquery.validate.min.js" type="text/javascript"/>
    <script src="/Scripts/jquery.validate.unobtrusive.min.js" type="text/javascript"/>
    <script src="/Scripts/jquery-ui-1.10.3.custom.min.js" type="text/javascript"/>
    <script src="/Scripts/jquery-migrate-1.2.1.min.js" type="text/javascript"/>
    <script src="/Scripts/public.common.js" type="text/javascript"/>
    <script src="/Scripts/public.ajaxcart.js" type="text/javascript"/>
    <link rel="shortcut icon" href="http://demowebshop.tricentis.com/favicon.ico"/>
  </head>
  <body>
    <div id="dialog-notifications-success" title="Notification" style="display:none;"/>
    <div id="dialog-notifications-error" title="Error" style="display:none;"/>
    <div class="bar-notification" id="bar-notification">
      <span class="close" title="Close"> </span>
    </div>
    <div class="master-wrapper-page">
      <div class="master-wrapper-content">
        <script type="text/javascript">
            AjaxCart.init(false, '.header-links .cart-qty', '.header-links .wishlist-qty', '#flyout-cart');
        </script>
        <div class="header">
          <div class="header-logo">
            <a shape="rect" href="/">
              <img title="" alt="Tricentis Demo Web Shop" src="/Themes/DefaultClean/Content/images/logo.png"/>
            </a>
          </div>
          <div class="header-links-wrapper">
            <div class="header-links">
              <ul>
                <li>
                  <a shape="rect" class="ico-register" href="/register">Register</a>
                </li>
                <li>
                  <a shape="rect" class="ico-login" href="/login">Log in</a>
                </li>
                <li id="topcartlink">
                  <a shape="rect" class="ico-cart" href="/cart">
                    <span class="cart-label">Shopping cart</span>
                    <span class="cart-qty">(0)</span>
                  </a>
                </li>
                <li>
                  <a shape="rect" class="ico-wishlist" href="/wishlist">
                    <span class="cart-label">Wishlist</span>
                    <span class="wishlist-qty">(0)</span>
                  </a>
                </li>
              </ul>
              <script type="text/javascript">
            $(document).ready(function () {
                $('.header').on('mouseenter', '#topcartlink', function () {
                    $('#flyout-cart').addClass('active');
                });
                $('.header').on('mouseleave', '#topcartlink', function () {
                    $('#flyout-cart').removeClass('active');
                });
                $('.header').on('mouseenter', '#flyout-cart', function () {
                    $('#flyout-cart').addClass('active');
                });
                $('.header').on('mouseleave', '#flyout-cart', function () {
                    $('#flyout-cart').removeClass('active');
                });
            });
        </script>
            </div>
            <div class="flyout-cart" id="flyout-cart">
              <div class="mini-shopping-cart">
                <div class="count">
You have no items in your shopping cart.        </div>
              </div>
            </div>
          </div>
          <div class="search-box">
            <form enctype="application/x-www-form-urlencoded" method="get" action="/search" onsubmit="return check_small_search_form()">
              <input type="text" class="search-box-text" id="small-searchterms" autocomplete="off" value="Search store" name="q"/>
              <input type="submit" class="button-1 search-box-button" value="Search"/>
              <script type="text/javascript">
        $(document).ready(function() {
            $("#small-searchterms").focus(function() {
                if (this.value == 'Search store') {
                    this.value = '';
                }
            });

            $("#small-searchterms").blur(function() {
                if (this.value == '') {
                    this.value = 'Search store';
                }
            });
        });

        function check_small_search_form() {
            var search_terms = $("#small-searchterms");
            if (search_terms.val() == "" || search_terms.val() == "Search store") {
                alert('Please enter some search keyword');
                search_terms.focus();
                return false;
            }
            return true;
        }
    </script>
              <script type="text/javascript">
                $(function() {
                    $('#small-searchterms').autocomplete({
                            delay: 500,
                            minLength: 3,
                            source: '/catalog/searchtermautocomplete',
                            select: function(event, ui) {
                                $("#small-searchterms").val(ui.item.label);
                                setLocation(ui.item.producturl);
                                return false;
                            }
                        })
                        .data("ui-autocomplete")._renderItem = function(ul, item) {
                            var t = item.label;
                            //html encode
                            t = htmlEncode(t);
                            return $("&lt;li&gt;&lt;/li&gt;")
                                .data("item.autocomplete", item)
                                .append("&lt;a&gt;" + t + "&lt;/a&gt;")
                            .appendTo(ul);
                    };
                });
            </script>
            </form>
          </div>
          <div class="header-selectors-wrapper">
            <div class="tax-display-type-selector"/>
            <div class="currency-selector"/>
            <div class="language-selector"/>
          </div>
        </div>
        <div class="header-menu">
          <ul class="top-menu">
            <li>
              <a shape="rect" href="/books">Books
        </a>
              <div class="top-menu-triangle"/>
            </li>
            <li>
              <a shape="rect" href="/computers">Computers
        </a>
              <div class="top-menu-triangle"/>
              <ul class="sublist firstLevel">
                <li>
                  <a shape="rect" href="/desktops">Desktops
        </a>
                </li>
                <li>
                  <a shape="rect" href="/notebooks">Notebooks
        </a>
                </li>
                <li>
                  <a shape="rect" href="/accessories">Accessories
        </a>
                </li>
              </ul>
            </li>
            <li>
              <a shape="rect" href="/electronics">Electronics
        </a>
              <div class="top-menu-triangle"/>
              <ul class="sublist firstLevel">
                <li>
                  <a shape="rect" href="/camera-photo">Camera, photo
        </a>
                </li>
                <li>
                  <a shape="rect" href="/cell-phones">Cell phones
        </a>
                </li>
              </ul>
            </li>
            <li>
              <a shape="rect" href="/apparel-shoes">Apparel &amp; Shoes
        </a>
              <div class="top-menu-triangle"/>
            </li>
            <li>
              <a shape="rect" href="/digital-downloads">Digital downloads
        </a>
              <div class="top-menu-triangle"/>
            </li>
            <li>
              <a shape="rect" href="/jewelry">Jewelry
        </a>
              <div class="top-menu-triangle"/>
            </li>
            <li>
              <a shape="rect" href="/gift-cards">Gift Cards
        </a>
              <div class="top-menu-triangle"/>
            </li>
          </ul>
          <script type="text/javascript">
    $('li', '.top-menu').on('mouseenter', function () {
        $('a', $(this)).first().addClass('hover');
        if (!$(this).parent().hasClass('top-menu')) {
            var width = $(this).innerWidth();
            $('.sublist', $(this)).first().css('left', width + 15);
        }
        $('.sublist', $(this)).first().addClass('active');
        $('.top-menu-triangle', $(this)).addClass('active');
    });

    $('li', '.top-menu').on('mouseleave', function () {
        $('a', $(this)).first().removeClass('hover');
        $('.sublist', $(this)).first().removeClass('active');
        $('.top-menu-triangle', $(this)).removeClass('active');
    });

</script>
          <div id="mob-menu-button">
            <a shape="rect" href="">
              <span class="icon">
                <span class="line"/>
                <span class="line"/>
                <span class="line"/>
              </span>
              <span>Categories</span>
            </a>
          </div>
          <ul class="mob-top-menu">
            <li>
              <a shape="rect" href="/books">Books
        </a>
              <div class="top-menu-triangle"/>
            </li>
            <li>
              <a shape="rect" href="/computers">Computers
        </a>
              <div class="top-menu-triangle"/>
              <span class="expand"> </span>
              <ul class="sublist firstLevel">
                <li>
                  <a shape="rect" href="/desktops">Desktops
        </a>
                </li>
                <li>
                  <a shape="rect" href="/notebooks">Notebooks
        </a>
                </li>
                <li>
                  <a shape="rect" href="/accessories">Accessories
        </a>
                </li>
              </ul>
            </li>
            <li>
              <a shape="rect" href="/electronics">Electronics
        </a>
              <div class="top-menu-triangle"/>
              <span class="expand"> </span>
              <ul class="sublist firstLevel">
                <li>
                  <a shape="rect" href="/camera-photo">Camera, photo
        </a>
                </li>
                <li>
                  <a shape="rect" href="/cell-phones">Cell phones
        </a>
                </li>
              </ul>
            </li>
            <li>
              <a shape="rect" href="/apparel-shoes">Apparel &amp; Shoes
        </a>
              <div class="top-menu-triangle"/>
            </li>
            <li>
              <a shape="rect" href="/digital-downloads">Digital downloads
        </a>
              <div class="top-menu-triangle"/>
            </li>
            <li>
              <a shape="rect" href="/jewelry">Jewelry
        </a>
              <div class="top-menu-triangle"/>
            </li>
            <li>
              <a shape="rect" href="/gift-cards">Gift Cards
        </a>
              <div class="top-menu-triangle"/>
            </li>
          </ul>
          <script type="text/javascript">
        $('a', $('#mob-menu-button')).toggle(function() {
                $('.mob-top-menu').addClass('show');
            },
            function() {
                $('.mob-top-menu').removeClass('show');
            }
        );

        $(function($) {
            $('.mob-top-menu .expand').click(function() {
                var parent = $(this).parent();
                if (parent.hasClass('active')) {
                    $(".sublist:first", parent).hide(300);
                    parent.removeClass('active');
                } else {
                    $(".sublist:first", parent).show(300);
                    parent.addClass('active');
                }
            });
        });
    </script>
        </div>
        <div class="ajax-loading-block-window" style="display: none">
          <div class="loading-image"/>
        </div>
        <div class="master-wrapper-main">
          <div class="side-2">
            <div class="block block-category-navigation">
              <div class="title">
                <strong>Categories</strong>
              </div>
              <div class="listbox">
                <ul class="list">
                  <li class="inactive">
                    <a shape="rect" href="/books">Books
        </a>
                  </li>
                  <li class="inactive">
                    <a shape="rect" href="/computers">Computers
        </a>
                  </li>
                  <li class="inactive">
                    <a shape="rect" href="/electronics">Electronics
        </a>
                  </li>
                  <li class="inactive">
                    <a shape="rect" href="/apparel-shoes">Apparel &amp; Shoes
        </a>
                  </li>
                  <li class="inactive">
                    <a shape="rect" href="/digital-downloads">Digital downloads
        </a>
                  </li>
                  <li class="inactive">
                    <a shape="rect" href="/jewelry">Jewelry
        </a>
                  </li>
                  <li class="inactive">
                    <a shape="rect" href="/gift-cards">Gift Cards
        </a>
                  </li>
                </ul>
              </div>
            </div>
            <div class="block block-manufacturer-navigation">
              <div class="title">
                <strong>Manufacturers</strong>
              </div>
              <div class="listbox">
                <ul class="list">
                  <li class="inactive">
                    <a shape="rect" href="/tricentis">Tricentis</a>
                  </li>
                </ul>
              </div>
            </div>
            <div class="block block-newsletter">
              <div class="title">
                <strong>Newsletter</strong>
              </div>
              <div class="listbox">
                <div class="newsletter-subscribe-block" id="newsletter-subscribe-block">
                  <span>Sign up for our newsletter:</span>
                  <div class="newsletter-email">
                    <input type="text" id="newsletter-email" name="NewsletterEmail" value=""/>
                    <span class="field-validation-valid" data-valmsg-for="NewsletterEmail" data-valmsg-replace="true"/>
                  </div>
                  <div class="buttons">
                    <input type="button" class="button-1 newsletter-subscribe-button" id="newsletter-subscribe-button" value="Subscribe"/>
                    <span class="please-wait" id="subscribe-loading-progress" style="display: none;">Wait...</span>
                  </div>
                </div>
                <div class="newsletter-result-block" id="newsletter-result-block"/>
              </div>
              <script type="text/javascript">
        $(document).ready(function () {
            $('#newsletter-subscribe-button').click(function () {
                
                var email = $("#newsletter-email").val();
                var subscribeProgress = $("#subscribe-loading-progress");
                subscribeProgress.show();
                $.ajax({
                    cache: false,
                    type: "POST",
                    url: "/subscribenewsletter",
                    data: { "email": email },
                    success: function (data) {
                        subscribeProgress.hide();
                        $("#newsletter-result-block").html(data.Result);
                         if (data.Success) {
                            $('#newsletter-subscribe-block').hide();
                            $('#newsletter-result-block').show();
                         }
                         else {
                            $('#newsletter-result-block').fadeIn("slow").delay(2000).fadeOut("slow");
                         }
                    },
                    error:function (xhr, ajaxOptions, thrownError){
                        alert('Failed to subscribe.');
                        subscribeProgress.hide();
                    }  
                });                
                return false;
            });
        });
    </script>
            </div>
          </div>
          <div class="center-2">
            <div class="page login-page">
              <div class="page-title">
                <h1>Welcome, Please Sign In!</h1>
              </div>
              <div class="page-body">
                <div class="customer-blocks">
                  <div class="new-wrapper register-block">
                    <div class="title">
                      <strong>New Customer</strong>
                    </div>
                    <div class="text">
                        By creating an account on our website you will be able to shop faster, be up to date on an orders status, and keep track of the orders you have previously made.
                    </div>
                    <div class="buttons">
                      <input type="button" class="button-1 register-button" onclick="location.href='/register'" value="Register"/>
                    </div>
                  </div>
                  <div class="returning-wrapper">
                    <div class="title">
                      <strong>Returning Customer</strong>
                    </div>
                    <div class="form-fields">
                      <form enctype="application/x-www-form-urlencoded" method="post" action="/login">
                        <div class="message-error">
                          <div class="validation-summary-errors">
                            <span>Login was unsuccessful. Please correct the errors and try again.</span>
                            <ul>
                              <li>No customer account found</li>
                            </ul>
                          </div>
                        </div>
                        <div class="inputs">
                          <label for="Email">Email:</label>
                          <input type="text" class="email" id="Email" autofocus="autofocus" name="Email" value=""/>
                          <span class="field-validation-valid" data-valmsg-for="Email" data-valmsg-replace="true"/>
                        </div>
                        <div class="inputs">
                          <label for="Password">Password:</label>
                          <input type="password" class="password" id="Password" name="Password"/>
                          <span class="field-validation-valid" data-valmsg-for="Password" data-valmsg-replace="true"/>
                        </div>
                        <div class="inputs reversed">
                          <input type="checkbox" id="RememberMe" name="RememberMe" value="true"/>
                          <input type="hidden" name="RememberMe" value="false"/>
                          <label for="RememberMe">Remember me?</label>
                          <span class="forgot-password">
                            <a shape="rect" href="/passwordrecovery">Forgot password?</a>
                          </span>
                        </div>
                        <div class="buttons">
                          <input type="submit" class="button-1 login-button" value="Log in"/>
                        </div>
                      </form>
                    </div>
                  </div>
                </div>
                <div class="external-authentication"/>
                <div class="topic-html-content">
                  <div class="topic-html-content-title">
                    <h2 class="topic-html-content-header">
                    About login / registration</h2>
                  </div>
                  <div class="topic-html-content-body">
                    <p>Put your login / registration information here. You can edit this in the admin site.</p>
                  </div>
                </div>
              </div>
            </div>
          </div>
        </div>
      </div>
      <div class="footer">
        <div class="footer-menu-wrapper">
          <div class="column information">
            <h3>Information</h3>
            <ul>
              <li>
                <a shape="rect" href="/sitemap">Sitemap</a>
              </li>
              <li>
                <a shape="rect" href="/shipping-returns">Shipping &amp; Returns</a>
              </li>
              <li>
                <a shape="rect" href="/privacy-policy">Privacy Notice</a>
              </li>
              <li>
                <a shape="rect" href="/conditions-of-use">Conditions of Use</a>
              </li>
              <li>
                <a shape="rect" href="/about-us">About us</a>
              </li>
              <li>
                <a shape="rect" href="/contactus">Contact us</a>
              </li>
            </ul>
          </div>
          <div class="column customer-service">
            <h3>Customer service</h3>
            <ul>
              <li>
                <a shape="rect" href="/search">Search</a>
              </li>
              <li>
                <a shape="rect" href="/news">News</a>
              </li>
              <li>
                <a shape="rect" href="/blog">Blog</a>
              </li>
              <li>
                <a shape="rect" href="/recentlyviewedproducts">Recently viewed products</a>
              </li>
              <li>
                <a shape="rect" href="/compareproducts">Compare products list</a>
              </li>
              <li>
                <a shape="rect" href="/newproducts">New products</a>
              </li>
            </ul>
          </div>
          <div class="column my-account">
            <h3>My account</h3>
            <ul>
              <li>
                <a shape="rect" class="account" href="/customer/info">My account</a>
              </li>
              <li>
                <a shape="rect" href="/customer/orders">Orders</a>
              </li>
              <li>
                <a shape="rect" class="" href="/customer/addresses">Addresses</a>
              </li>
              <li>
                <a shape="rect" class="ico-cart" href="/cart">Shopping cart</a>
              </li>
              <li>
                <a shape="rect" class="ico-wishlist" href="/wishlist">Wishlist</a>
              </li>
            </ul>
          </div>
          <div class="column follow-us">
            <h3>Follow us</h3>
            <ul>
              <li class="facebook">
                <a shape="rect" href="http://www.facebook.com/nopCommerce" target="_blank">Facebook</a>
              </li>
              <li class="twitter">
                <a shape="rect" href="https://twitter.com/nopCommerce" target="_blank">Twitter</a>
              </li>
              <li class="rss">
                <a shape="rect" href="/news/rss/1">RSS</a>
              </li>
              <li class="youtube">
                <a shape="rect" href="http://www.youtube.com/user/nopCommerce" target="_blank">YouTube</a>
              </li>
              <li class="google-plus">
                <a shape="rect" href="https://plus.google.com/+nopcommerce" target="_blank">Google+</a>
              </li>
            </ul>
          </div>
        </div>
        <div class="footer-poweredby">

        Powered by           <a shape="rect" href="http://www.nopcommerce.com/">nopCommerce</a>
        </div>
        <div class="footer-disclaimer">
        Copyright © 2026 Tricentis Demo Web Shop. All rights reserved.
    </div>
        <div class="footer-store-theme"/>
      </div>
    </div>
    <script type="text/javascript">
var _gaq = _gaq || [];
_gaq.push(['_setAccount', 'UA-6574346-11']);
_gaq.push(['_trackPageview']);

(function() {
    var ga = document.createElement('script'); ga.type = 'text/javascript'; ga.async = true;
    ga.src = ('https:' == document.location.protocol ? 'https://ssl' : 'http://www') + '.google-analytics.com/ga.js';
    var s = document.getElementsByTagName('script')[0]; s.parentNode.insertBefore(ga, s);
})();
</script>
  </body>
</html>
]]></system-out>
  </testcase>
  <testcase name="loginWithInvalidCredentialsShouldFail" classname="com.demowebshop.api.tests.AuthApiTest" time="0.639">
    <system-out><![CDATA[Request method:	POST
Request URI:	http://demowebshop.tricentis.com/login
Proxy:			<none>
Request params:	<none>
Query params:	<none>
Form params:	Email=wrong@notexist.com
				Password=WrongPass999!
				RememberMe=false
Path params:	<none>
Headers:		Accept=text/html,application/xhtml+xml,application/xml;q=0.9,*/*;q=0.8
				User-Agent=Mozilla/5.0 RestAssured/ApiTests
				Content-Type=application/x-www-form-urlencoded; charset=ISO-8859-1
Cookies:		<none>
Multiparts:		<none>
Body:			<none>
HTTP/1.1 200 OK
Content-Length: 5834
Content-Type: text/html; charset=utf-8
Date: Sat, 04 Apr 2026 18:12:56 GMT
Server: Microsoft-IIS/10.0
Cache-Control: private
Content-Encoding: gzip
Set-Cookie: Nop.customer=0eae661b-6303-4ff7-8d46-84f1682e7b5e; expires=Sun, 04-Apr-2027 18:12:56 GMT; path=/; HttpOnly
Set-Cookie: ARRAffinity=48768a3b039304e9b1fa7ae91a032ba86cf010beddc152b2be007691832f4002;Path=/;HttpOnly;Domain=demowebshop.tricentis.com
Vary: Accept-Encoding
X-AspNetMvc-Version: 5.2
X-AspNet-Version: 4.0.30319
X-Powered-By: ASP.NET

<html>
  <head>
    <title>Demo Web Shop. Login</title>
    <meta http-equiv="Content-type" content="text/html;charset=UTF-8"/>
    <meta name="description" content=""/>
    <meta name="keywords" content=""/>
    <meta name="generator" content="nopCommerce"/>
    <meta name="viewport" content="width=device-width, initial-scale=1"/>
    <link href="/Themes/DefaultClean/Content/styles.css" rel="stylesheet" type="text/css"/>
    <link href="/Themes/DefaultClean/Content/responsive.css" rel="stylesheet" type="text/css"/>
    <link href="/Content/jquery-ui-themes/smoothness/jquery-ui-1.10.3.custom.min.css" rel="stylesheet" type="text/css"/>
    <script src="/Scripts/jquery-1.10.2.min.js" type="text/javascript"/>
    <script src="/Scripts/jquery.validate.min.js" type="text/javascript"/>
    <script src="/Scripts/jquery.validate.unobtrusive.min.js" type="text/javascript"/>
    <script src="/Scripts/jquery-ui-1.10.3.custom.min.js" type="text/javascript"/>
    <script src="/Scripts/jquery-migrate-1.2.1.min.js" type="text/javascript"/>
    <script src="/Scripts/public.common.js" type="text/javascript"/>
    <script src="/Scripts/public.ajaxcart.js" type="text/javascript"/>
    <link rel="shortcut icon" href="http://demowebshop.tricentis.com/favicon.ico"/>
  </head>
  <body>
    <div id="dialog-notifications-success" title="Notification" style="display:none;"/>
    <div id="dialog-notifications-error" title="Error" style="display:none;"/>
    <div class="bar-notification" id="bar-notification">
      <span class="close" title="Close"> </span>
    </div>
    <div class="master-wrapper-page">
      <div class="master-wrapper-content">
        <script type="text/javascript">
            AjaxCart.init(false, '.header-links .cart-qty', '.header-links .wishlist-qty', '#flyout-cart');
        </script>
        <div class="header">
          <div class="header-logo">
            <a shape="rect" href="/">
              <img title="" alt="Tricentis Demo Web Shop" src="/Themes/DefaultClean/Content/images/logo.png"/>
            </a>
          </div>
          <div class="header-links-wrapper">
            <div class="header-links">
              <ul>
                <li>
                  <a shape="rect" class="ico-register" href="/register">Register</a>
                </li>
                <li>
                  <a shape="rect" class="ico-login" href="/login">Log in</a>
                </li>
                <li id="topcartlink">
                  <a shape="rect" class="ico-cart" href="/cart">
                    <span class="cart-label">Shopping cart</span>
                    <span class="cart-qty">(0)</span>
                  </a>
                </li>
                <li>
                  <a shape="rect" class="ico-wishlist" href="/wishlist">
                    <span class="cart-label">Wishlist</span>
                    <span class="wishlist-qty">(0)</span>
                  </a>
                </li>
              </ul>
              <script type="text/javascript">
            $(document).ready(function () {
                $('.header').on('mouseenter', '#topcartlink', function () {
                    $('#flyout-cart').addClass('active');
                });
                $('.header').on('mouseleave', '#topcartlink', function () {
                    $('#flyout-cart').removeClass('active');
                });
                $('.header').on('mouseenter', '#flyout-cart', function () {
                    $('#flyout-cart').addClass('active');
                });
                $('.header').on('mouseleave', '#flyout-cart', function () {
                    $('#flyout-cart').removeClass('active');
                });
            });
        </script>
            </div>
            <div class="flyout-cart" id="flyout-cart">
              <div class="mini-shopping-cart">
                <div class="count">
You have no items in your shopping cart.        </div>
              </div>
            </div>
          </div>
          <div class="search-box">
            <form enctype="application/x-www-form-urlencoded" method="get" action="/search" onsubmit="return check_small_search_form()">
              <input type="text" class="search-box-text" id="small-searchterms" autocomplete="off" value="Search store" name="q"/>
              <input type="submit" class="button-1 search-box-button" value="Search"/>
              <script type="text/javascript">
        $(document).ready(function() {
            $("#small-searchterms").focus(function() {
                if (this.value == 'Search store') {
                    this.value = '';
                }
            });

            $("#small-searchterms").blur(function() {
                if (this.value == '') {
                    this.value = 'Search store';
                }
            });
        });

        function check_small_search_form() {
            var search_terms = $("#small-searchterms");
            if (search_terms.val() == "" || search_terms.val() == "Search store") {
                alert('Please enter some search keyword');
                search_terms.focus();
                return false;
            }
            return true;
        }
    </script>
              <script type="text/javascript">
                $(function() {
                    $('#small-searchterms').autocomplete({
                            delay: 500,
                            minLength: 3,
                            source: '/catalog/searchtermautocomplete',
                            select: function(event, ui) {
                                $("#small-searchterms").val(ui.item.label);
                                setLocation(ui.item.producturl);
                                return false;
                            }
                        })
                        .data("ui-autocomplete")._renderItem = function(ul, item) {
                            var t = item.label;
                            //html encode
                            t = htmlEncode(t);
                            return $("&lt;li&gt;&lt;/li&gt;")
                                .data("item.autocomplete", item)
                                .append("&lt;a&gt;" + t + "&lt;/a&gt;")
                            .appendTo(ul);
                    };
                });
            </script>
            </form>
          </div>
          <div class="header-selectors-wrapper">
            <div class="tax-display-type-selector"/>
            <div class="currency-selector"/>
            <div class="language-selector"/>
          </div>
        </div>
        <div class="header-menu">
          <ul class="top-menu">
            <li>
              <a shape="rect" href="/books">Books
        </a>
              <div class="top-menu-triangle"/>
            </li>
            <li>
              <a shape="rect" href="/computers">Computers
        </a>
              <div class="top-menu-triangle"/>
              <ul class="sublist firstLevel">
                <li>
                  <a shape="rect" href="/desktops">Desktops
        </a>
                </li>
                <li>
                  <a shape="rect" href="/notebooks">Notebooks
        </a>
                </li>
                <li>
                  <a shape="rect" href="/accessories">Accessories
        </a>
                </li>
              </ul>
            </li>
            <li>
              <a shape="rect" href="/electronics">Electronics
        </a>
              <div class="top-menu-triangle"/>
              <ul class="sublist firstLevel">
                <li>
                  <a shape="rect" href="/camera-photo">Camera, photo
        </a>
                </li>
                <li>
                  <a shape="rect" href="/cell-phones">Cell phones
        </a>
                </li>
              </ul>
            </li>
            <li>
              <a shape="rect" href="/apparel-shoes">Apparel &amp; Shoes
        </a>
              <div class="top-menu-triangle"/>
            </li>
            <li>
              <a shape="rect" href="/digital-downloads">Digital downloads
        </a>
              <div class="top-menu-triangle"/>
            </li>
            <li>
              <a shape="rect" href="/jewelry">Jewelry
        </a>
              <div class="top-menu-triangle"/>
            </li>
            <li>
              <a shape="rect" href="/gift-cards">Gift Cards
        </a>
              <div class="top-menu-triangle"/>
            </li>
          </ul>
          <script type="text/javascript">
    $('li', '.top-menu').on('mouseenter', function () {
        $('a', $(this)).first().addClass('hover');
        if (!$(this).parent().hasClass('top-menu')) {
            var width = $(this).innerWidth();
            $('.sublist', $(this)).first().css('left', width + 15);
        }
        $('.sublist', $(this)).first().addClass('active');
        $('.top-menu-triangle', $(this)).addClass('active');
    });

    $('li', '.top-menu').on('mouseleave', function () {
        $('a', $(this)).first().removeClass('hover');
        $('.sublist', $(this)).first().removeClass('active');
        $('.top-menu-triangle', $(this)).removeClass('active');
    });

</script>
          <div id="mob-menu-button">
            <a shape="rect" href="">
              <span class="icon">
                <span class="line"/>
                <span class="line"/>
                <span class="line"/>
              </span>
              <span>Categories</span>
            </a>
          </div>
          <ul class="mob-top-menu">
            <li>
              <a shape="rect" href="/books">Books
        </a>
              <div class="top-menu-triangle"/>
            </li>
            <li>
              <a shape="rect" href="/computers">Computers
        </a>
              <div class="top-menu-triangle"/>
              <span class="expand"> </span>
              <ul class="sublist firstLevel">
                <li>
                  <a shape="rect" href="/desktops">Desktops
        </a>
                </li>
                <li>
                  <a shape="rect" href="/notebooks">Notebooks
        </a>
                </li>
                <li>
                  <a shape="rect" href="/accessories">Accessories
        </a>
                </li>
              </ul>
            </li>
            <li>
              <a shape="rect" href="/electronics">Electronics
        </a>
              <div class="top-menu-triangle"/>
              <span class="expand"> </span>
              <ul class="sublist firstLevel">
                <li>
                  <a shape="rect" href="/camera-photo">Camera, photo
        </a>
                </li>
                <li>
                  <a shape="rect" href="/cell-phones">Cell phones
        </a>
                </li>
              </ul>
            </li>
            <li>
              <a shape="rect" href="/apparel-shoes">Apparel &amp; Shoes
        </a>
              <div class="top-menu-triangle"/>
            </li>
            <li>
              <a shape="rect" href="/digital-downloads">Digital downloads
        </a>
              <div class="top-menu-triangle"/>
            </li>
            <li>
              <a shape="rect" href="/jewelry">Jewelry
        </a>
              <div class="top-menu-triangle"/>
            </li>
            <li>
              <a shape="rect" href="/gift-cards">Gift Cards
        </a>
              <div class="top-menu-triangle"/>
            </li>
          </ul>
          <script type="text/javascript">
        $('a', $('#mob-menu-button')).toggle(function() {
                $('.mob-top-menu').addClass('show');
            },
            function() {
                $('.mob-top-menu').removeClass('show');
            }
        );

        $(function($) {
            $('.mob-top-menu .expand').click(function() {
                var parent = $(this).parent();
                if (parent.hasClass('active')) {
                    $(".sublist:first", parent).hide(300);
                    parent.removeClass('active');
                } else {
                    $(".sublist:first", parent).show(300);
                    parent.addClass('active');
                }
            });
        });
    </script>
        </div>
        <div class="ajax-loading-block-window" style="display: none">
          <div class="loading-image"/>
        </div>
        <div class="master-wrapper-main">
          <div class="side-2">
            <div class="block block-category-navigation">
              <div class="title">
                <strong>Categories</strong>
              </div>
              <div class="listbox">
                <ul class="list">
                  <li class="inactive">
                    <a shape="rect" href="/books">Books
        </a>
                  </li>
                  <li class="inactive">
                    <a shape="rect" href="/computers">Computers
        </a>
                  </li>
                  <li class="inactive">
                    <a shape="rect" href="/electronics">Electronics
        </a>
                  </li>
                  <li class="inactive">
                    <a shape="rect" href="/apparel-shoes">Apparel &amp; Shoes
        </a>
                  </li>
                  <li class="inactive">
                    <a shape="rect" href="/digital-downloads">Digital downloads
        </a>
                  </li>
                  <li class="inactive">
                    <a shape="rect" href="/jewelry">Jewelry
        </a>
                  </li>
                  <li class="inactive">
                    <a shape="rect" href="/gift-cards">Gift Cards
        </a>
                  </li>
                </ul>
              </div>
            </div>
            <div class="block block-manufacturer-navigation">
              <div class="title">
                <strong>Manufacturers</strong>
              </div>
              <div class="listbox">
                <ul class="list">
                  <li class="inactive">
                    <a shape="rect" href="/tricentis">Tricentis</a>
                  </li>
                </ul>
              </div>
            </div>
            <div class="block block-newsletter">
              <div class="title">
                <strong>Newsletter</strong>
              </div>
              <div class="listbox">
                <div class="newsletter-subscribe-block" id="newsletter-subscribe-block">
                  <span>Sign up for our newsletter:</span>
                  <div class="newsletter-email">
                    <input type="text" id="newsletter-email" name="NewsletterEmail" value=""/>
                    <span class="field-validation-valid" data-valmsg-for="NewsletterEmail" data-valmsg-replace="true"/>
                  </div>
                  <div class="buttons">
                    <input type="button" class="button-1 newsletter-subscribe-button" id="newsletter-subscribe-button" value="Subscribe"/>
                    <span class="please-wait" id="subscribe-loading-progress" style="display: none;">Wait...</span>
                  </div>
                </div>
                <div class="newsletter-result-block" id="newsletter-result-block"/>
              </div>
              <script type="text/javascript">
        $(document).ready(function () {
            $('#newsletter-subscribe-button').click(function () {
                
                var email = $("#newsletter-email").val();
                var subscribeProgress = $("#subscribe-loading-progress");
                subscribeProgress.show();
                $.ajax({
                    cache: false,
                    type: "POST",
                    url: "/subscribenewsletter",
                    data: { "email": email },
                    success: function (data) {
                        subscribeProgress.hide();
                        $("#newsletter-result-block").html(data.Result);
                         if (data.Success) {
                            $('#newsletter-subscribe-block').hide();
                            $('#newsletter-result-block').show();
                         }
                         else {
                            $('#newsletter-result-block').fadeIn("slow").delay(2000).fadeOut("slow");
                         }
                    },
                    error:function (xhr, ajaxOptions, thrownError){
                        alert('Failed to subscribe.');
                        subscribeProgress.hide();
                    }  
                });                
                return false;
            });
        });
    </script>
            </div>
          </div>
          <div class="center-2">
            <div class="page login-page">
              <div class="page-title">
                <h1>Welcome, Please Sign In!</h1>
              </div>
              <div class="page-body">
                <div class="customer-blocks">
                  <div class="new-wrapper register-block">
                    <div class="title">
                      <strong>New Customer</strong>
                    </div>
                    <div class="text">
                        By creating an account on our website you will be able to shop faster, be up to date on an orders status, and keep track of the orders you have previously made.
                    </div>
                    <div class="buttons">
                      <input type="button" class="button-1 register-button" onclick="location.href='/register'" value="Register"/>
                    </div>
                  </div>
                  <div class="returning-wrapper">
                    <div class="title">
                      <strong>Returning Customer</strong>
                    </div>
                    <div class="form-fields">
                      <form enctype="application/x-www-form-urlencoded" method="post" action="/login">
                        <div class="message-error">
                          <div class="validation-summary-errors">
                            <span>Login was unsuccessful. Please correct the errors and try again.</span>
                            <ul>
                              <li>No customer account found</li>
                            </ul>
                          </div>
                        </div>
                        <div class="inputs">
                          <label for="Email">Email:</label>
                          <input type="text" class="email" id="Email" autofocus="autofocus" name="Email" value="wrong@notexist.com"/>
                          <span class="field-validation-valid" data-valmsg-for="Email" data-valmsg-replace="true"/>
                        </div>
                        <div class="inputs">
                          <label for="Password">Password:</label>
                          <input type="password" class="password" id="Password" name="Password"/>
                          <span class="field-validation-valid" data-valmsg-for="Password" data-valmsg-replace="true"/>
                        </div>
                        <div class="inputs reversed">
                          <input type="checkbox" id="RememberMe" name="RememberMe" value="true"/>
                          <input type="hidden" name="RememberMe" value="false"/>
                          <label for="RememberMe">Remember me?</label>
                          <span class="forgot-password">
                            <a shape="rect" href="/passwordrecovery">Forgot password?</a>
                          </span>
                        </div>
                        <div class="buttons">
                          <input type="submit" class="button-1 login-button" value="Log in"/>
                        </div>
                      </form>
                    </div>
                  </div>
                </div>
                <div class="external-authentication"/>
                <div class="topic-html-content">
                  <div class="topic-html-content-title">
                    <h2 class="topic-html-content-header">
                    About login / registration</h2>
                  </div>
                  <div class="topic-html-content-body">
                    <p>Put your login / registration information here. You can edit this in the admin site.</p>
                  </div>
                </div>
              </div>
            </div>
          </div>
        </div>
      </div>
      <div class="footer">
        <div class="footer-menu-wrapper">
          <div class="column information">
            <h3>Information</h3>
            <ul>
              <li>
                <a shape="rect" href="/sitemap">Sitemap</a>
              </li>
              <li>
                <a shape="rect" href="/shipping-returns">Shipping &amp; Returns</a>
              </li>
              <li>
                <a shape="rect" href="/privacy-policy">Privacy Notice</a>
              </li>
              <li>
                <a shape="rect" href="/conditions-of-use">Conditions of Use</a>
              </li>
              <li>
                <a shape="rect" href="/about-us">About us</a>
              </li>
              <li>
                <a shape="rect" href="/contactus">Contact us</a>
              </li>
            </ul>
          </div>
          <div class="column customer-service">
            <h3>Customer service</h3>
            <ul>
              <li>
                <a shape="rect" href="/search">Search</a>
              </li>
              <li>
                <a shape="rect" href="/news">News</a>
              </li>
              <li>
                <a shape="rect" href="/blog">Blog</a>
              </li>
              <li>
                <a shape="rect" href="/recentlyviewedproducts">Recently viewed products</a>
              </li>
              <li>
                <a shape="rect" href="/compareproducts">Compare products list</a>
              </li>
              <li>
                <a shape="rect" href="/newproducts">New products</a>
              </li>
            </ul>
          </div>
          <div class="column my-account">
            <h3>My account</h3>
            <ul>
              <li>
                <a shape="rect" class="account" href="/customer/info">My account</a>
              </li>
              <li>
                <a shape="rect" href="/customer/orders">Orders</a>
              </li>
              <li>
                <a shape="rect" class="" href="/customer/addresses">Addresses</a>
              </li>
              <li>
                <a shape="rect" class="ico-cart" href="/cart">Shopping cart</a>
              </li>
              <li>
                <a shape="rect" class="ico-wishlist" href="/wishlist">Wishlist</a>
              </li>
            </ul>
          </div>
          <div class="column follow-us">
            <h3>Follow us</h3>
            <ul>
              <li class="facebook">
                <a shape="rect" href="http://www.facebook.com/nopCommerce" target="_blank">Facebook</a>
              </li>
              <li class="twitter">
                <a shape="rect" href="https://twitter.com/nopCommerce" target="_blank">Twitter</a>
              </li>
              <li class="rss">
                <a shape="rect" href="/news/rss/1">RSS</a>
              </li>
              <li class="youtube">
                <a shape="rect" href="http://www.youtube.com/user/nopCommerce" target="_blank">YouTube</a>
              </li>
              <li class="google-plus">
                <a shape="rect" href="https://plus.google.com/+nopcommerce" target="_blank">Google+</a>
              </li>
            </ul>
          </div>
        </div>
        <div class="footer-poweredby">

        Powered by           <a shape="rect" href="http://www.nopcommerce.com/">nopCommerce</a>
        </div>
        <div class="footer-disclaimer">
        Copyright © 2026 Tricentis Demo Web Shop. All rights reserved.
    </div>
        <div class="footer-store-theme"/>
      </div>
    </div>
    <script type="text/javascript">
var _gaq = _gaq || [];
_gaq.push(['_setAccount', 'UA-6574346-11']);
_gaq.push(['_trackPageview']);

(function() {
    var ga = document.createElement('script'); ga.type = 'text/javascript'; ga.async = true;
    ga.src = ('https:' == document.location.protocol ? 'https://ssl' : 'http://www') + '.google-analytics.com/ga.js';
    var s = document.getElementsByTagName('script')[0]; s.parentNode.insertBefore(ga, s);
})();
</script>
  </body>
</html>
]]></system-out>
  </testcase>
  <testcase name="loginWithValidCredentialsShouldSucceed" classname="com.demowebshop.api.tests.AuthApiTest" time="0.539">
    <system-out><![CDATA[Request method:	POST
Request URI:	http://demowebshop.tricentis.com/login
Proxy:			<none>
Request params:	<none>
Query params:	<none>
Form params:	Email=testuser_jetski_12347@example.com
				Password=Password123!
				RememberMe=false
Path params:	<none>
Headers:		Accept=text/html,application/xhtml+xml,application/xml;q=0.9,*/*;q=0.8
				User-Agent=Mozilla/5.0 RestAssured/ApiTests
				Content-Type=application/x-www-form-urlencoded; charset=ISO-8859-1
Cookies:		<none>
Multiparts:		<none>
Body:			<none>
HTTP/1.1 302 Found
Content-Length: 118
Content-Type: text/html; charset=utf-8
Date: Sat, 04 Apr 2026 18:12:56 GMT
Server: Microsoft-IIS/10.0
Cache-Control: private
Location: /
Set-Cookie: Nop.customer=572875af-cc0b-49a0-ad87-a674335719c3; expires=Sun, 04-Apr-2027 18:12:57 GMT; path=/; HttpOnly
Set-Cookie: NOPCOMMERCE.AUTH=18F1E5C2DFDA961B0B15BE9F074BF5E4082DD616C0298CF6CC1DD3F264FDEA4AA6FE43B6837F8B1D92B8AFDD08E62462A034E4759F30623E04DBACF857404E04631C962377C0A1D496302A5DCD1B78AA0854A397E89D690351E1ADF5D099740CED8530EA3212D0507966185947DC4E376A61A302124F51BB32CB2338943CFB6C66855783C2BD2BD7D8C2C7E37167FC860CEC9487AB286C498A7772FD5E33BE67469CF013824800F1EC7812B60D365E430DC892F76A4A4445870204ACEBF18527351B4881E65348CDC28BDE47E1A8CFAF; path=/; HttpOnly
Set-Cookie: ARRAffinity=48768a3b039304e9b1fa7ae91a032ba86cf010beddc152b2be007691832f4002;Path=/;HttpOnly;Domain=demowebshop.tricentis.com
X-AspNetMvc-Version: 5.2
X-AspNet-Version: 4.0.30319
X-Powered-By: ASP.NET

<html>
  <head>
    <title>Object moved</title>
  </head>
  <body>
    <h2>
Object moved to       <a shape="rect" href="/">here</a>
.    </h2>
  </body>
</html>
]]></system-out>
  </testcase>
  <testcase name="loginWithWrongPasswordShouldFail" classname="com.demowebshop.api.tests.AuthApiTest" time="0.637">
    <system-out><![CDATA[Request method:	POST
Request URI:	http://demowebshop.tricentis.com/login
Proxy:			<none>
Request params:	<none>
Query params:	<none>
Form params:	Email=testuser_jetski_12347@example.com
				Password=TotallyWrong999!
				RememberMe=false
Path params:	<none>
Headers:		Accept=text/html,application/xhtml+xml,application/xml;q=0.9,*/*;q=0.8
				User-Agent=Mozilla/5.0 RestAssured/ApiTests
				Content-Type=application/x-www-form-urlencoded; charset=ISO-8859-1
Cookies:		<none>
Multiparts:		<none>
Body:			<none>
[...]
_gaq.push(['_trackPageview']);

(function() {
    var ga = document.createElement('script'); ga.type = 'text/javascript'; ga.async = true;
    ga.src = ('https:' == document.location.protocol ? 'https://ssl' : 'http://www') + '.google-analytics.com/ga.js';
    var s = document.getElementsByTagName('script')[0]; s.parentNode.insertBefore(ga, s);
})();
</script>
  </body>
</html>
]]></system-out>
  </testcase>
  <testcase name="checkoutPageShouldRequireLogin" classname="com.demowebshop.api.tests.CartApiTest" time="0.542">
    <system-out><![CDATA[Request method:	GET
Request URI:	http://demowebshop.tricentis.com/checkout
Proxy:			<none>
Request params:	<none>
Query params:	<none>
Form params:	<none>
Path params:	<none>
Headers:		Accept=text/html,application/xhtml+xml,application/xml;q=0.9,*/*;q=0.8
				User-Agent=Mozilla/5.0 RestAssured/ApiTests
				Content-Type=application/x-www-form-urlencoded; charset=ISO-8859-1
Cookies:		<none>
Multiparts:		<none>
Body:			<none>
HTTP/1.1 301 Moved Permanently
Content-Length: 159
Content-Type: text/html; charset=utf-8
Date: Sat, 04 Apr 2026 18:13:30 GMT
Server: Microsoft-IIS/10.0
Cache-Control: private
Location: https://demowebshop.tricentis.com/checkout
Set-Cookie: Nop.customer=0474d62d-f57c-4cb1-9cff-6f495792c915; expires=Sun, 04-Apr-2027 18:13:30 GMT; path=/; HttpOnly
Set-Cookie: ARRAffinity=48768a3b039304e9b1fa7ae91a032ba86cf010beddc152b2be007691832f4002;Path=/;HttpOnly;Domain=demowebshop.tricentis.com
X-AspNetMvc-Version: 5.2
X-AspNet-Version: 4.0.30319
X-Powered-By: ASP.NET

<html>
  <head>
    <title>Object moved</title>
  </head>
  <body>
    <h2>
Object moved to       <a shape="rect" href="https://demowebshop.tricentis.com/checkout">here</a>
.    </h2>
  </body>
</html>
]]></system-out>
  </testcase>
  <testcase name="wishlistPageShouldReturn200" classname="com.demowebshop.api.tests.CartApiTest" time="1.407">
    <system-out><![CDATA[Request method:	GET
Request URI:	http://demowebshop.tricentis.com/wishlist
Proxy:			<none>
Request params:	<none>
Query params:	<none>
Form params:	<none>
Path params:	<none>
Headers:		Accept=text/html,application/xhtml+xml,application/xml;q=0.9,*/*;q=0.8
				User-Agent=Mozilla/5.0 RestAssured/ApiTests
				Content-Type=application/x-www-form-urlencoded; charset=ISO-8859-1
Cookies:		<none>
Multiparts:		<none>
Body:			<none>
HTTP/1.1 200 OK
Content-Length: 4146
Content-Type: text/html; charset=utf-8
Date: Sat, 04 Apr 2026 18:13:32 GMT
Server: Microsoft-IIS/10.0
Cache-Control: private
Content-Encoding: gzip
Set-Cookie: Nop.customer=08a6a4f1-769d-4975-9dd3-1d76a235e505; expires=Sun, 04-Apr-2027 18:13:32 GMT; path=/; HttpOnly
Set-Cookie: ARRAffinity=48768a3b039304e9b1fa7ae91a032ba86cf010beddc152b2be007691832f4002;Path=/;HttpOnly;Secure;Domain=demowebshop.tricentis.com
Set-Cookie: ARRAffinitySameSite=48768a3b039304e9b1fa7ae91a032ba86cf010beddc152b2be007691832f4002;Path=/;HttpOnly;SameSite=None;Secure;Domain=demowebshop.tricentis.com
Vary: Accept-Encoding
X-AspNetMvc-Version: 5.2
X-AspNet-Version: 4.0.30319
X-Powered-By: ASP.NET

<html>
  <head>
    <title>Demo Web Shop. Wishlist</title>
    <meta http-equiv="Content-type" content="text/html;charset=UTF-8"/>
    <meta name="description" content=""/>
    <meta name="keywords" content=""/>
    <meta name="generator" content="nopCommerce"/>
    <meta name="viewport" content="width=device-width, initial-scale=1"/>
    <link href="/Themes/DefaultClean/Content/styles.css" rel="stylesheet" type="text/css"/>
    <link href="/Themes/DefaultClean/Content/responsive.css" rel="stylesheet" type="text/css"/>
    <link href="/Content/jquery-ui-themes/smoothness/jquery-ui-1.10.3.custom.min.css" rel="stylesheet" type="text/css"/>
    <script src="/Scripts/jquery-1.10.2.min.js" type="text/javascript"/>
    <script src="/Scripts/jquery.validate.min.js" type="text/javascript"/>
    <script src="/Scripts/jquery.validate.unobtrusive.min.js" type="text/javascript"/>
    <script src="/Scripts/jquery-ui-1.10.3.custom.min.js" type="text/javascript"/>
    <script src="/Scripts/jquery-migrate-1.2.1.min.js" type="text/javascript"/>
    <script src="/Scripts/public.common.js" type="text/javascript"/>
    <script src="/Scripts/public.ajaxcart.js" type="text/javascript"/>
    <link rel="shortcut icon" href="https://demowebshop.tricentis.com/favicon.ico"/>
  </head>
  <body>
    <div id="dialog-notifications-success" title="Notification" style="display:none;"/>
    <div id="dialog-notifications-error" title="Error" style="display:none;"/>
    <div class="bar-notification" id="bar-notification">
      <span class="close" title="Close"> </span>
    </div>
    <div class="master-wrapper-page">
      <div class="master-wrapper-content">
        <script type="text/javascript">
            AjaxCart.init(false, '.header-links .cart-qty', '.header-links .wishlist-qty', '#flyout-cart');
        </script>
        <div class="header">
          <div class="header-logo">
            <a shape="rect" href="/">
              <img title="" alt="Tricentis Demo Web Shop" src="/Themes/DefaultClean/Content/images/logo.png"/>
            </a>
          </div>
          <div class="header-links-wrapper">
            <div class="header-links">
              <ul>
                <li>
                  <a shape="rect" class="ico-register" href="/register">Register</a>
                </li>
                <li>
                  <a shape="rect" class="ico-login" href="/login">Log in</a>
                </li>
                <li id="topcartlink">
                  <a shape="rect" class="ico-cart" href="/cart">
                    <span class="cart-label">Shopping cart</span>
                    <span class="cart-qty">(0)</span>
                  </a>
                </li>
                <li>
                  <a shape="rect" class="ico-wishlist" href="/wishlist">
                    <span class="cart-label">Wishlist</span>
                    <span class="wishlist-qty">(0)</span>
                  </a>
                </li>
              </ul>
              <script type="text/javascript">
            $(document).ready(function () {
                $('.header').on('mouseenter', '#topcartlink', function () {
                    $('#flyout-cart').addClass('active');
                });
                $('.header').on('mouseleave', '#topcartlink', function () {
                    $('#flyout-cart').removeClass('active');
                });
                $('.header').on('mouseenter', '#flyout-cart', function () {
                    $('#flyout-cart').addClass('active');
                });
                $('.header').on('mouseleave', '#flyout-cart', function () {
                    $('#flyout-cart').removeClass('active');
                });
            });
        </script>
            </div>
            <div class="flyout-cart" id="flyout-cart">
              <div class="mini-shopping-cart">
                <div class="count">
You have no items in your shopping cart.        </div>
              </div>
            </div>
          </div>
          <div class="search-box">
            <form enctype="application/x-www-form-urlencoded" method="get" action="/search" onsubmit="return check_small_search_form()">
              <input type="text" class="search-box-text" id="small-searchterms" autocomplete="off" value="Search store" name="q"/>
              <input type="submit" class="button-1 search-box-button" value="Search"/>
              <script type="text/javascript">
        $(document).ready(function() {
            $("#small-searchterms").focus(function() {
                if (this.value == 'Search store') {
                    this.value = '';
                }
            });

            $("#small-searchterms").blur(function() {
                if (this.value == '') {
                    this.value = 'Search store';
                }
            });
        });

        function check_small_search_form() {
            var search_terms = $("#small-searchterms");
            if (search_terms.val() == "" || search_terms.val() == "Search store") {
                alert('Please enter some search keyword');
                search_terms.focus();
                return false;
            }
            return true;
        }
    </script>
              <script type="text/javascript">
                $(function() {
                    $('#small-searchterms').autocomplete({
                            delay: 500,
                            minLength: 3,
                            source: '/catalog/searchtermautocomplete',
                            select: function(event, ui) {
                                $("#small-searchterms").val(ui.item.label);
                                setLocation(ui.item.producturl);
                                return false;
                            }
                        })
                        .data("ui-autocomplete")._renderItem = function(ul, item) {
                            var t = item.label;
                            //html encode
                            t = htmlEncode(t);
                            return $("&lt;li&gt;&lt;/li&gt;")
                                .data("item.autocomplete", item)
                                .append("&lt;a&gt;" + t + "&lt;/a&gt;")
                            .appendTo(ul);
                    };
                });
            </script>
            </form>
          </div>
          <div class="header-selectors-wrapper">
            <div class="tax-display-type-selector"/>
            <div class="currency-selector"/>
            <div class="language-selector"/>
          </div>
        </div>
        <div class="header-menu">
          <ul class="top-menu">
            <li>
              <a shape="rect" href="/books">Books
        </a>
              <div class="top-menu-triangle"/>
            </li>
            <li>
              <a shape="rect" href="/computers">Computers
        </a>
              <div class="top-menu-triangle"/>
              <ul class="sublist firstLevel">
                <li>
                  <a shape="rect" href="/desktops">Desktops
        </a>
                </li>
                <li>
                  <a shape="rect" href="/notebooks">Notebooks
        </a>
                </li>
                <li>
                  <a shape="rect" href="/accessories">Accessories
        </a>
                </li>
              </ul>
            </li>
            <li>
              <a shape="rect" href="/electronics">Electronics
        </a>
              <div class="top-menu-triangle"/>
              <ul class="sublist firstLevel">
                <li>
                  <a shape="rect" href="/camera-photo">Camera, photo
        </a>
                </li>
                <li>
                  <a shape="rect" href="/cell-phones">Cell phones
        </a>
                </li>
              </ul>
            </li>
            <li>
              <a shape="rect" href="/apparel-shoes">Apparel &amp; Shoes
        </a>
              <div class="top-menu-triangle"/>
            </li>
            <li>
              <a shape="rect" href="/digital-downloads">Digital downloads
        </a>
              <div class="top-menu-triangle"/>
            </li>
            <li>
              <a shape="rect" href="/jewelry">Jewelry
        </a>
              <div class="top-menu-triangle"/>
            </li>
            <li>
              <a shape="rect" href="/gift-cards">Gift Cards
        </a>
              <div class="top-menu-triangle"/>
            </li>
          </ul>
          <script type="text/javascript">
    $('li', '.top-menu').on('mouseenter', function () {
        $('a', $(this)).first().addClass('hover');
        if (!$(this).parent().hasClass('top-menu')) {
            var width = $(this).innerWidth();
            $('.sublist', $(this)).first().css('left', width + 15);
        }
        $('.sublist', $(this)).first().addClass('active');
        $('.top-menu-triangle', $(this)).addClass('active');
    });

    $('li', '.top-menu').on('mouseleave', function () {
        $('a', $(this)).first().removeClass('hover');
        $('.sublist', $(this)).first().removeClass('active');
        $('.top-menu-triangle', $(this)).removeClass('active');
    });

</script>
          <div id="mob-menu-button">
            <a shape="rect" href="">
              <span class="icon">
                <span class="line"/>
                <span class="line"/>
                <span class="line"/>
              </span>
              <span>Categories</span>
            </a>
          </div>
          <ul class="mob-top-menu">
            <li>
              <a shape="rect" href="/books">Books
        </a>
              <div class="top-menu-triangle"/>
            </li>
            <li>
              <a shape="rect" href="/computers">Computers
        </a>
              <div class="top-menu-triangle"/>
              <span class="expand"> </span>
              <ul class="sublist firstLevel">
                <li>
                  <a shape="rect" href="/desktops">Desktops
        </a>
                </li>
                <li>
                  <a shape="rect" href="/notebooks">Notebooks
        </a>
                </li>
                <li>
                  <a shape="rect" href="/accessories">Accessories
        </a>
                </li>
              </ul>
            </li>
            <li>
              <a shape="rect" href="/electronics">Electronics
        </a>
              <div class="top-menu-triangle"/>
              <span class="expand"> </span>
              <ul class="sublist firstLevel">
                <li>
                  <a shape="rect" href="/camera-photo">Camera, photo
        </a>
                </li>
                <li>
                  <a shape="rect" href="/cell-phones">Cell phones
        </a>
                </li>
              </ul>
            </li>
            <li>
              <a shape="rect" href="/apparel-shoes">Apparel &amp; Shoes
        </a>
              <div class="top-menu-triangle"/>
            </li>
            <li>
              <a shape="rect" href="/digital-downloads">Digital downloads
        </a>
              <div class="top-menu-triangle"/>
            </li>
            <li>
              <a shape="rect" href="/jewelry">Jewelry
        </a>
              <div class="top-menu-triangle"/>
            </li>
            <li>
              <a shape="rect" href="/gift-cards">Gift Cards
        </a>
              <div class="top-menu-triangle"/>
            </li>
          </ul>
          <script type="text/javascript">
        $('a', $('#mob-menu-button')).toggle(function() {
                $('.mob-top-menu').addClass('show');
            },
            function() {
                $('.mob-top-menu').removeClass('show');
            }
        );

        $(function($) {
            $('.mob-top-menu .expand').click(function() {
                var parent = $(this).parent();
                if (parent.hasClass('active')) {
                    $(".sublist:first", parent).hide(300);
                    parent.removeClass('active');
                } else {
                    $(".sublist:first", parent).show(300);
                    parent.addClass('active');
                }
            });
        });
    </script>
        </div>
        <div class="ajax-loading-block-window" style="display: none">
          <div class="loading-image"/>
        </div>
        <div class="master-wrapper-main">
          <div class="center-1">
            <div class="page wishlist-page">
              <div class="page-title">
                <h1>
Wishlist        </h1>
              </div>
              <div class="page-body">
                <div class="wishlist-content">
The wishlist is empty!        </div>
              </div>
            </div>
          </div>
        </div>
      </div>
      <div class="footer">
        <div class="footer-menu-wrapper">
          <div class="column information">
            <h3>Information</h3>
            <ul>
              <li>
                <a shape="rect" href="/sitemap">Sitemap</a>
              </li>
              <li>
                <a shape="rect" href="/shipping-returns">Shipping &amp; Returns</a>
              </li>
              <li>
                <a shape="rect" href="/privacy-policy">Privacy Notice</a>
              </li>
              <li>
                <a shape="rect" href="/conditions-of-use">Conditions of Use</a>
              </li>
              <li>
                <a shape="rect" href="/about-us">About us</a>
              </li>
              <li>
                <a shape="rect" href="/contactus">Contact us</a>
              </li>
            </ul>
          </div>
          <div class="column customer-service">
            <h3>Customer service</h3>
            <ul>
              <li>
                <a shape="rect" href="/search">Search</a>
              </li>
              <li>
                <a shape="rect" href="/news">News</a>
              </li>
              <li>
                <a shape="rect" href="/blog">Blog</a>
              </li>
              <li>
                <a shape="rect" href="/recentlyviewedproducts">Recently viewed products</a>
              </li>
              <li>
                <a shape="rect" href="/compareproducts">Compare products list</a>
              </li>
              <li>
                <a shape="rect" href="/newproducts">New products</a>
              </li>
            </ul>
          </div>
          <div class="column my-account">
            <h3>My account</h3>
            <ul>
              <li>
                <a shape="rect" class="account" href="/customer/info">My account</a>
              </li>
              <li>
                <a shape="rect" href="/customer/orders">Orders</a>
              </li>
              <li>
                <a shape="rect" class="" href="/customer/addresses">Addresses</a>
              </li>
              <li>
                <a shape="rect" class="ico-cart" href="/cart">Shopping cart</a>
              </li>
              <li>
                <a shape="rect" class="ico-wishlist" href="/wishlist">Wishlist</a>
              </li>
            </ul>
          </div>
          <div class="column follow-us">
            <h3>Follow us</h3>
            <ul>
              <li class="facebook">
                <a shape="rect" href="http://www.facebook.com/nopCommerce" target="_blank">Facebook</a>
              </li>
              <li class="twitter">
                <a shape="rect" href="https://twitter.com/nopCommerce" target="_blank">Twitter</a>
              </li>
              <li class="rss">
                <a shape="rect" href="/news/rss/1">RSS</a>
              </li>
              <li class="youtube">
                <a shape="rect" href="http://www.youtube.com/user/nopCommerce" target="_blank">YouTube</a>
              </li>
              <li class="google-plus">
                <a shape="rect" href="https://plus.google.com/+nopcommerce" target="_blank">Google+</a>
              </li>
            </ul>
          </div>
        </div>
        <div class="footer-poweredby">

        Powered by           <a shape="rect" href="http://www.nopcommerce.com/">nopCommerce</a>
        </div>
        <div class="footer-disclaimer">
        Copyright © 2026 Tricentis Demo Web Shop. All rights reserved.
    </div>
        <div class="footer-store-theme"/>
      </div>
    </div>
    <script type="text/javascript">
var _gaq = _gaq || [];
_gaq.push(['_setAccount', 'UA-6574346-11']);
_gaq.push(['_trackPageview']);

(function() {
    var ga = document.createElement('script'); ga.type = 'text/javascript'; ga.async = true;
    ga.src = ('https:' == document.location.protocol ? 'https://ssl' : 'http://www') + '.google-analytics.com/ga.js';
    var s = document.getElementsByTagName('script')[0]; s.parentNode.insertBefore(ga, s);
})();
</script>
  </body>
</html>
]]></system-out>
  </testcase>
</testsuite>