<?xml version="1.0" encoding="UTF-8"?>
<!-- Generated by org.testng.reporters.JUnitReportReporter -->
<testsuite hostname="Vishals-MacBook-Pro.local" failures="0" tests="8" name="com.demowebshop.api.tests.AuthApiTest" time="9.945" errors="0" timestamp="2026-04-04T23:43:32 IST" skipped="0">
  <testcase classname="com.demowebshop.api.tests.AuthApiTest" name="loginWithEmptyCredentialsShouldShowValidation" time="0.845"/>
  <testcase classname="com.demowebshop.api.tests.AuthApiTest" name="passwordRecoveryPageShouldReturn200" time="1.318"/>
  <testcase classname="com.demowebshop.api.tests.AuthApiTest" name="registerPageShouldReturn200" time="1.503"/>
  <testcase classname="com.demowebshop.api.tests.AuthApiTest" name="loginWithInvalidCredentialsShouldFail" time="0.639"/>
  <testcase classname="com.demowebshop.api.tests.AuthApiTest" name="loginWithValidCredentialsShouldSucceed" time="0.541"/>
  <testcase classname="com.demowebshop.api.tests.AuthApiTest" name="loginWithWrongPasswordShouldFail" time="0.633"/>
  <testcase classname="com.demowebshop.api.tests.AuthApiTest" name="registerWithMismatchedPasswordsShouldFail" time="0.582"/>
  <testcase classname="com.demowebshop.api.tests.AuthApiTest" name="loginPageShouldReturn200" time="3.884"/>
</testsuite> <!-- com.demowebshop.api.tests.AuthApiTest -->
