<?xml version="1.0" encoding="UTF-8"?>
<!-- Generated by org.testng.reporters.JUnitReportReporter -->
<testsuite hostname="Vishals-MacBook-Pro.local" failures="0" tests="8" name="com.demowebshop.api.tests.CartApiTest" time="7.849" errors="0" timestamp="2026-04-04T23:43:32 IST" skipped="0">
  <testcase classname="com.demowebshop.api.tests.CartApiTest" name="cartPageShouldReturn200ForGuest" time="1.641"/>
  <testcase classname="com.demowebshop.api.tests.CartApiTest" name="checkoutPageShouldRequireLogin" time="0.542"/>
  <testcase classname="com.demowebshop.api.tests.CartApiTest" name="addBookToCartShouldNotReturn5xx" time="0.652"/>
  <testcase classname="com.demowebshop.api.tests.CartApiTest" name="wishlistPageShouldReturn200" time="1.405"/>
  <testcase classname="com.demowebshop.api.tests.CartApiTest" name="cartPageForGuestShouldShowEmptyCart" time="1.527"/>
  <testcase classname="com.demowebshop.api.tests.CartApiTest" name="addInvalidProductToCartShouldReturn404Or302" time="0.569"/>
  <testcase classname="com.demowebshop.api.tests.CartApiTest" name="addSimpleProductToCartShouldSucceed" time="0.925"/>
  <testcase classname="com.demowebshop.api.tests.CartApiTest" name="addToWishlistShouldNotReturn5xx" time="0.588"/>
</testsuite> <!-- com.demowebshop.api.tests.CartApiTest -->
